<?xml version="1.0" encoding="UTF-8"?>
<!-- Generated by org.testng.reporters.JUnitXMLReporter -->
<testsuite ignored="0" hostname="LAPTOP-6A5E5I71" failures="1" tests="3" name="Test.Errorvalidations" time="26.159" errors="0" timestamp="2022-12-19T12:55:49 IST">
  <testcase classname="training.comm.myframe.Errorvalidations" name="loginerrorvalidations" time="0.921">
    <failure type="java.lang.AssertionError" message="expected [false] but found [true]">
      <![CDATA[java.lang.AssertionError: expected [false] but found [true]
at training.comm.myframe.Errorvalidations.loginerrorvalidations(Errorvalidations.java:26)
at java.base/java.util.ArrayList.forEach(ArrayList.java:1511)
... Removed 31 stack frames]]>
    </failure>
  </testcase> <!-- loginerrorvalidations -->
  <testcase classname="training.comm.myframe.Errorvalidations" name="producterrorvalidations" time="3.315"/>
  <testcase classname="training.comm.myframe.Errorvalidations" name="ordererrorvalidation" time="1.735"/>
</testsuite> <!-- Test.Errorvalidations -->
