<?xml version="1.0" encoding="UTF-8"?>
<!-- Generated by org.testng.reporters.JUnitXMLReporter -->
<testsuite ignored="0" hostname="LAPTOP-6A5E5I71" failures="0" tests="3" name="Test.Standalonetest" time="31.378" errors="0" timestamp="2023-05-08T17:31:58 IST">
  <testcase classname="basetest.Scenario_1" name="scenario" time="0.1"/>
  <testcase classname="basetest.Scenario_2" name="scenario2" time="1.068"/>
  <testcase classname="basetest.Scenario_3" name="scenario3" time="11.243"/>
</testsuite> <!-- Test.Standalonetest -->
