<?xml version="1.0" encoding="UTF-8"?>
<!-- Generated by org.testng.reporters.JUnitXMLReporter -->
<testsuite ignored="0" hostname="LAPTOP-6A5E5I71" failures="0" tests="3" name="Test.Errorvalidations" time="29.756" errors="0" timestamp="17 Dec 2022 12:17:39 GMT">
  <testcase classname="training.comm.myframe.Errorvalidations" name="loginerrorvalidations" time="0.576"/>
  <testcase classname="training.comm.myframe.Errorvalidations" name="producterrorvalidations" time="3.666"/>
  <testcase classname="training.comm.myframe.Errorvalidations" name="ordererrorvalidation" time="1.553"/>
</testsuite> <!-- Test.Errorvalidations -->
