<?xml version="1.0" encoding="UTF-8"?>
<testsuite xmlns:xsi="http://www.w3.org/2001/XMLSchema-instance" xsi:noNamespaceSchemaLocation="https://maven.apache.org/surefire/maven-surefire-plugin/xsd/surefire-test-report-3.0.xsd" version="3.0" name="TestSuite" time="32.729" tests="3" errors="0" skipped="0" failures="0">
  <properties>
[...]
</properties>
  <testcase name="loginerrorvalidations" classname="training.comm.myframe.Errorvalidations" time="0.572">
    <system-out><![CDATA[[TestNGContentHandler] [WARN] It is strongly recommended to add "<!DOCTYPE suite SYSTEM "http://testng.org/testng-1.0.dtd" >" at the top of your file, otherwise TestNG may fail or not work as expected.
]]></system-out>
    <system-err><![CDATA[SLF4J: No SLF4J providers were found.
SLF4J: Defaulting to no-operation (NOP) logger implementation
SLF4J: See https://www.slf4j.org/codes.html#noProviders for further details.
1671279430002	geckodriver	INFO	Listening on 127.0.0.1:25020
1671279430252	mozrunner::runner	INFO	Running command: "C:\\Program Files\\Mozilla Firefox\\firefox.exe" "--marionette" "-no-remote" "-profile" "C:\\Users\\91812\\AppData\\Local\\Temp\\rust_mozprofilek8piUG"
1671279430698	Marionette	INFO	Marionette enabled
console.warn: SearchSettings: "get: No settings file exists, new profile?" (new NotFoundError("Could not open the file at C:\\Users\\91812\\AppData\\Local\\Temp\\rust_mozprofilek8piUG\\search.json.mozlz4", (void 0)))
JavaScript error: resource://gre/modules/FileUtils.jsm, line 77: NS_ERROR_FILE_INVALID_PATH: Component returned failure code: 0x80520009 (NS_ERROR_FILE_INVALID_PATH) [nsIFile.create]
1671279432683	Marionette	INFO	Listening on port 63882
Read port: 63882
1671279432799	RemoteAgent	WARN	TLS certificate errors will be ignored for this session
Dec 17, 2022 5:47:12 PM org.openqa.selenium.remote.ProtocolHandshake createSession
INFO: Detected dialect: W3C
JavaScript error: resource://gre/modules/PartitioningExceptionListService.jsm, line 69: NS_ERROR_MALFORMED_URI: Component returned failure code: 0x804b000a (NS_ERROR_MALFORMED_URI) [nsIPartitioningExceptionListObserver.onExceptionListUpdate]
console.warn: LoginRecipes: "getRecipes: falling back to a synchronous message for:" "https://rahulshettyacademy.com"
]]></system-err>
  </testcase>
  <testcase name="producterrorvalidations" classname="training.comm.myframe.Errorvalidations" time="3.672">
    <system-err><![CDATA[1671279436721	Marionette	INFO	Stopped listening on port 63882

###!!! [Parent][PContentParent] Error: Send(msgname=PContent::Msg_DestroyBrowsingContextGroup) Closed channel: cannot send/recv


###!!! [Child][PContentChild] Error: RunMessage(msgname=PContent::Reply_DiscardBrowsingContext) Channel closing: too late to send/recv, messages will be lost

1671279438340	geckodriver	INFO	Listening on 127.0.0.1:8049
1671279438369	mozrunner::runner	INFO	Running command: "C:\\Program Files\\Mozilla Firefox\\firefox.exe" "--marionette" "-no-remote" "-profile" "C:\\Users\\91812\\AppData\\Local\\Temp\\rust_mozprofilefTSRWk"
1671279438818	Marionette	INFO	Marionette enabled
console.warn: SearchSettings: "get: No settings file exists, new profile?" (new NotFoundError("Could not open the file at C:\\Users\\91812\\AppData\\Local\\Temp\\rust_mozprofilefTSRWk\\search.json.mozlz4", (void 0)))
JavaScript error: resource://gre/modules/FileUtils.jsm, line 77: NS_ERROR_FILE_INVALID_PATH: Component returned failure code: 0x80520009 (NS_ERROR_FILE_INVALID_PATH) [nsIFile.create]
1671279440789	Marionette	INFO	Listening on port 63971
Read port: 63971
1671279440927	RemoteAgent	WARN	TLS certificate errors will be ignored for this session
Dec 17, 2022 5:47:20 PM org.openqa.selenium.remote.ProtocolHandshake createSession
INFO: Detected dialect: W3C
JavaScript error: resource://gre/modules/PartitioningExceptionListService.jsm, line 69: NS_ERROR_MALFORMED_URI: Component returned failure code: 0x804b000a (NS_ERROR_MALFORMED_URI) [nsIPartitioningExceptionListObserver.onExceptionListUpdate]
console.warn: LoginRecipes: "getRecipes: falling back to a synchronous message for:" "https://rahulshettyacademy.com"
console.warn: LoginRecipes: "getRecipes: falling back to a synchronous message for:" "https://rahulshettyacademy.com"
JavaScript error: resource://gre/modules/LoginManagerParent.jsm, line 136: TypeError: gRecipeManager is null
console.warn: LoginRecipes: "getRecJiapveasS:c rfiapltl inegr rboarc:k  rteos oaurc es:y/n/cghrreo/nmooudsu lmeess/sLaoggei nfMoanra:g"e r"Phatrtent.pjss:m/,/ rline a1h3u6l:s hTeytpteyEarcraodre:m y.cgoRme"ci
peManager is null
console.warn: LoginRecipes: "getRecipes: falling back to a synchronous message for:" "https://rahulshettyacademy.com"
JavaScript error: resource://gre/modules/LoginManagerParent.jsm, line 136: TypeError: gRecipeManager is null
]]></system-err>
  </testcase>
  <testcase name="ordererrorvalidation" classname="training.comm.myframe.Errorvalidations" time="1.548">
    <system-err><![CDATA[1671279447526	Marionette	INFO	Stopped listening on port 63971
1671279449951	geckodriver	INFO	Listening on 127.0.0.1:23951
1671279449988	mozrunner::runner	INFO	Running command: "C:\\Program Files\\Mozilla Firefox\\firefox.exe" "--marionette" "-no-remote" "-profile" "C:\\Users\\91812\\AppData\\Local\\Temp\\rust_mozprofile24hMt5"
1671279450463	Marionette	INFO	Marionette enabled
console.warn: SearchSettings: "get: No settings file exists, new profile?" (new NotFoundError("Could not open the file at C:\\Users\\91812\\AppData\\Local\\Temp\\rust_mozprofile24hMt5\\search.json.mozlz4", (void 0)))
JavaScript error: resource://gre/modules/FileUtils.jsm, line 77: NS_ERROR_FILE_INVALID_PATH: Component returned failure code: 0x80520009 (NS_ERROR_FILE_INVALID_PATH) [nsIFile.create]
1671279452664	Marionette	INFO	Listening on port 64100
Read port: 64100
1671279452816	RemoteAgent	WARN	TLS certificate errors will be ignored for this session
Dec 17, 2022 5:47:32 PM org.openqa.selenium.remote.ProtocolHandshake createSession
INFO: Detected dialect: W3C
JavaScript error: resource://gre/modules/PartitioningExceptionListService.jsm, line 69: NS_ERROR_MALFORMED_URI: Component returned failure code: 0x804b000a (NS_ERROR_MALFORMED_URI) [nsIPartitioningExceptionListObserver.onExceptionListUpdate]
console.warn: LoginRecipes: "getRecipes: falling back to a synchronous message for:" "https://rahulshettyacademy.com"
console.warn: LoginRecipes: "getRecipes: falling back to a synchronous message for:" "https://rahulshettyacademy.com"
JavaScript error: resource://gre/modules/LoginManagerParent.jsm, line 136: TypeError: gRecipeManager is null
console.warn: LoginRecipes: "getRecipes: falling back to a synchronous message for:" "https://rJaahvualSschreitptty aecrardoerm:y .rceosmo"ur
ce://gre/modules/LoginManagerParent.jsm, line 136: TypeError: gRecipeMcaonnasgoelre .iwsa rnnu:l lLo
ginRecipes: "geJtaRveacSicpreisp:t  fearlrloirn:g  rbeascoku rtcoe :a/ /sgyrnec/hmroodnuoluess /mLeosgsiangMea nfaogre:r"P a"rhetnttp.sj:s/m/,r ahullsihneet t1y3a6c:a dTeympye.Ecrormo"r:
 gRecipeManager is null
]]></system-err>
  </testcase>
</testsuite>