<?xml version="1.0" encoding="UTF-8"?>
<testng-results ignored="0" total="3" passed="3" failed="0" skipped="0">
  <reporter-output>
  </reporter-output>
  <suite started-at="2023-05-08T17:31:27 IST" name="Suite" finished-at="2023-05-08T17:31:58 IST" duration-ms="31378">
    <groups>
    </groups>
    <test started-at="2023-05-08T17:31:27 IST" name="Test.Standalonetest" finished-at="2023-05-08T17:31:58 IST" duration-ms="31378">
      <class name="basetest.Scenario_3">
        <test-method is-config="true" signature="initializingbrowser(java.lang.String)[pri:0, instance:basetest.Scenario_3@6dc17b83]" started-at="2023-05-08T17:31:27 IST" name="initializingbrowser" finished-at="2023-05-08T17:31:36 IST" duration-ms="8817" status="PASS">
          <params>
            <param index="0">
              <value>
                <![CDATA[chrome]]>
              </value>
            </param>
          </params>
          <reporter-output>
          </reporter-output>
        </test-method> <!-- initializingbrowser -->
        <test-method is-config="true" signature="launchapp(java.lang.String)[pri:0, instance:basetest.Scenario_3@6dc17b83]" started-at="2023-05-08T17:31:36 IST" name="launchapp" finished-at="2023-05-08T17:31:46 IST" duration-ms="9751" status="PASS">
          <params>
            <param index="0">
              <value>
                <![CDATA[https://www.lambdatest.com/selenium-playground/]]>
              </value>
            </param>
          </params>
          <reporter-output>
          </reporter-output>
        </test-method> <!-- launchapp -->
        <test-method signature="scenario3()[pri:0, instance:basetest.Scenario_3@6dc17b83]" started-at="2023-05-08T17:31:46 IST" name="scenario3" finished-at="2023-05-08T17:31:57 IST" duration-ms="11243" status="PASS">
          <reporter-output>
          </reporter-output>
        </test-method> <!-- scenario3 -->
        <test-method is-config="true" signature="teardown()[pri:0, instance:basetest.Scenario_3@6dc17b83]" started-at="2023-05-08T17:31:57 IST" name="teardown" finished-at="2023-05-08T17:31:58 IST" duration-ms="1469" status="PASS">
          <reporter-output>
          </reporter-output>
        </test-method> <!-- teardown -->
      </class> <!-- basetest.Scenario_3 -->
      <class name="basetest.Scenario_2">
        <test-method is-config="true" signature="initializingbrowser(java.lang.String)[pri:0, instance:basetest.Scenario_2@5fdcaa40]" started-at="2023-05-08T17:31:27 IST" name="initializingbrowser" finished-at="2023-05-08T17:31:36 IST" duration-ms="8700" status="PASS">
          <params>
            <param index="0">
              <value>
                <![CDATA[chrome]]>
              </value>
            </param>
          </params>
          <reporter-output>
          </reporter-output>
        </test-method> <!-- initializingbrowser -->
        <test-method is-config="true" signature="launchapp(java.lang.String)[pri:0, instance:basetest.Scenario_2@5fdcaa40]" started-at="2023-05-08T17:31:36 IST" name="launchapp" finished-at="2023-05-08T17:31:45 IST" duration-ms="8848" status="PASS">
          <params>
            <param index="0">
              <value>
                <![CDATA[https://www.lambdatest.com/selenium-playground/]]>
              </value>
            </param>
          </params>
          <reporter-output>
          </reporter-output>
        </test-method> <!-- launchapp -->
        <test-method signature="scenario2()[pri:0, instance:basetest.Scenario_2@5fdcaa40]" started-at="2023-05-08T17:31:45 IST" name="scenario2" finished-at="2023-05-08T17:31:46 IST" duration-ms="1068" status="PASS">
          <reporter-output>
          </reporter-output>
        </test-method> <!-- scenario2 -->
        <test-method is-config="true" signature="teardown()[pri:0, instance:basetest.Scenario_2@5fdcaa40]" started-at="2023-05-08T17:31:46 IST" name="teardown" finished-at="2023-05-08T17:31:47 IST" duration-ms="1006" status="PASS">
          <reporter-output>
          </reporter-output>
        </test-method> <!-- teardown -->
      </class> <!-- basetest.Scenario_2 -->
      <class name="basetest.Scenario_1">
        <test-method is-config="true" signature="initializingbrowser(java.lang.String)[pri:0, instance:basetest.Scenario_1@72f926e6]" started-at="2023-05-08T17:31:27 IST" name="initializingbrowser" finished-at="2023-05-08T17:31:36 IST" duration-ms="8813" status="PASS">
          <params>
            <param index="0">
              <value>
                <![CDATA[chrome]]>
              </value>
            </param>
          </params>
          <reporter-output>
          </reporter-output>
        </test-method> <!-- initializingbrowser -->
        <test-method is-config="true" signature="launchapp(java.lang.String)[pri:0, instance:basetest.Scenario_1@72f926e6]" started-at="2023-05-08T17:31:36 IST" name="launchapp" finished-at="2023-05-08T17:31:44 IST" duration-ms="8633" status="PASS">
          <params>
            <param index="0">
              <value>
                <![CDATA[https://www.lambdatest.com/selenium-playground/]]>
              </value>
            </param>
          </params>
          <reporter-output>
          </reporter-output>
        </test-method> <!-- launchapp -->
        <test-method signature="scenario()[pri:0, instance:basetest.Scenario_1@72f926e6]" started-at="2023-05-08T17:31:44 IST" name="scenario" finished-at="2023-05-08T17:31:45 IST" duration-ms="100" status="PASS">
          <reporter-output>
          </reporter-output>
        </test-method> <!-- scenario -->
        <test-method is-config="true" signature="teardown()[pri:0, instance:basetest.Scenario_1@72f926e6]" started-at="2023-05-08T17:31:45 IST" name="teardown" finished-at="2023-05-08T17:31:46 IST" duration-ms="1451" status="PASS">
          <reporter-output>
          </reporter-output>
        </test-method> <!-- teardown -->
      </class> <!-- basetest.Scenario_1 -->
    </test> <!-- Test.Standalonetest -->
  </suite> <!-- Suite -->
</testng-results>
